10:56:12 **** Incremental Build of configuration Debug for project Lab5 ****
make all 
'Building file: ../Static_Code/System/CPU_Init.c'
'Invoking: Cross ARM C Compiler'
arm-none-eabi-gcc -mcpu=cortex-m4 -mthumb -mfloat-abi=hard -mfpu=fpv4-sp-d16 -O0 -fmessage-length=0 -fsigned-char -ffunction-sections -fdata-sections  -g3 -I"C:/Assignment/Lab5/Static_Code/System" -I"C:/Assignment/Lab5/Static_Code/PDD" -I"C:/Assignment/Lab5/Static_Code/IO_Map" -I"C:\Program Files (x86)\Kinetis Design Studio\eclipse\ProcessorExpert/lib/Kinetis/pdd/inc" -I"C:/Assignment/Lab5/Sources" -I"C:/Assignment/Lab5/Generated_Code" -std=c99 -MMD -MP -MF"Static_Code/System/CPU_Init.d" -MT"Static_Code/System/CPU_Init.o" -c -o "Static_Code/System/CPU_Init.o" "../Static_Code/System/CPU_Init.c"
'Finished building: ../Static_Code/System/CPU_Init.c'
' '
'Building file: ../Static_Code/System/Peripherals_Init.c'
'Invoking: Cross ARM C Compiler'
arm-none-eabi-gcc -mcpu=cortex-m4 -mthumb -mfloat-abi=hard -mfpu=fpv4-sp-d16 -O0 -fmessage-length=0 -fsigned-char -ffunction-sections -fdata-sections  -g3 -I"C:/Assignment/Lab5/Static_Code/System" -I"C:/Assignment/Lab5/Static_Code/PDD" -I"C:/Assignment/Lab5/Static_Code/IO_Map" -I"C:\Program Files (x86)\Kinetis Design Studio\eclipse\ProcessorExpert/lib/Kinetis/pdd/inc" -I"C:/Assignment/Lab5/Sources" -I"C:/Assignment/Lab5/Generated_Code" -std=c99 -MMD -MP -MF"Static_Code/System/Peripherals_Init.d" -MT"Static_Code/System/Peripherals_Init.o" -c -o "Static_Code/System/Peripherals_Init.o" "../Static_Code/System/Peripherals_Init.c"
'Finished building: ../Static_Code/System/Peripherals_Init.c'
' '
'Building file: ../Static_Code/System/Vectors.c'
'Invoking: Cross ARM C Compiler'
arm-none-eabi-gcc -mcpu=cortex-m4 -mthumb -mfloat-abi=hard -mfpu=fpv4-sp-d16 -O0 -fmessage-length=0 -fsigned-char -ffunction-sections -fdata-sections  -g3 -I"C:/Assignment/Lab5/Static_Code/System" -I"C:/Assignment/Lab5/Static_Code/PDD" -I"C:/Assignment/Lab5/Static_Code/IO_Map" -I"C:\Program Files (x86)\Kinetis Design Studio\eclipse\ProcessorExpert/lib/Kinetis/pdd/inc" -I"C:/Assignment/Lab5/Sources" -I"C:/Assignment/Lab5/Generated_Code" -std=c99 -MMD -MP -MF"Static_Code/System/Vectors.d" -MT"Static_Code/System/Vectors.o" -c -o "Static_Code/System/Vectors.o" "../Static_Code/System/Vectors.c"
'Finished building: ../Static_Code/System/Vectors.c'
' '
'Building file: ../Sources/Events.c'
'Invoking: Cross ARM C Compiler'
arm-none-eabi-gcc -mcpu=cortex-m4 -mthumb -mfloat-abi=hard -mfpu=fpv4-sp-d16 -O0 -fmessage-length=0 -fsigned-char -ffunction-sections -fdata-sections  -g3 -I"C:/Assignment/Lab5/Static_Code/System" -I"C:/Assignment/Lab5/Static_Code/PDD" -I"C:/Assignment/Lab5/Static_Code/IO_Map" -I"C:\Program Files (x86)\Kinetis Design Studio\eclipse\ProcessorExpert/lib/Kinetis/pdd/inc" -I"C:/Assignment/Lab5/Sources" -I"C:/Assignment/Lab5/Generated_Code" -std=c99 -MMD -MP -MF"Sources/Events.d" -MT"Sources/Events.o" -c -o "Sources/Events.o" "../Sources/Events.c"
'Finished building: ../Sources/Events.c'
' '
'Building file: ../Sources/main.c'
'Invoking: Cross ARM C Compiler'
arm-none-eabi-gcc -mcpu=cortex-m4 -mthumb -mfloat-abi=hard -mfpu=fpv4-sp-d16 -O0 -fmessage-length=0 -fsigned-char -ffunction-sections -fdata-sections  -g3 -I"C:/Assignment/Lab5/Static_Code/System" -I"C:/Assignment/Lab5/Static_Code/PDD" -I"C:/Assignment/Lab5/Static_Code/IO_Map" -I"C:\Program Files (x86)\Kinetis Design Studio\eclipse\ProcessorExpert/lib/Kinetis/pdd/inc" -I"C:/Assignment/Lab5/Sources" -I"C:/Assignment/Lab5/Generated_Code" -std=c99 -MMD -MP -MF"Sources/main.d" -MT"Sources/main.o" -c -o "Sources/main.o" "../Sources/main.c"
../Sources/main.c: In function 'main':
../Sources/main.c:67:2: warning: implicit declaration of function 'RedLED_NegVal' [-Wimplicit-function-declaration]
  RedLED_NegVal();
  ^
../Sources/main.c:68:2: warning: implicit declaration of function 'GreenLED_NegVal' [-Wimplicit-function-declaration]
  GreenLED_NegVal();
  ^
'Finished building: ../Sources/main.c'
' '
'Building file: ../Generated_Code/BitIoLdd1.c'
'Invoking: Cross ARM C Compiler'
arm-none-eabi-gcc -mcpu=cortex-m4 -mthumb -mfloat-abi=hard -mfpu=fpv4-sp-d16 -O0 -fmessage-length=0 -fsigned-char -ffunction-sections -fdata-sections  -g3 -I"C:/Assignment/Lab5/Static_Code/System" -I"C:/Assignment/Lab5/Static_Code/PDD" -I"C:/Assignment/Lab5/Static_Code/IO_Map" -I"C:\Program Files (x86)\Kinetis Design Studio\eclipse\ProcessorExpert/lib/Kinetis/pdd/inc" -I"C:/Assignment/Lab5/Sources" -I"C:/Assignment/Lab5/Generated_Code" -std=c99 -MMD -MP -MF"Generated_Code/BitIoLdd1.d" -MT"Generated_Code/BitIoLdd1.o" -c -o "Generated_Code/BitIoLdd1.o" "../Generated_Code/BitIoLdd1.c"
'Finished building: ../Generated_Code/BitIoLdd1.c'
' '
'Building file: ../Generated_Code/BitIoLdd2.c'
'Invoking: Cross ARM C Compiler'
arm-none-eabi-gcc -mcpu=cortex-m4 -mthumb -mfloat-abi=hard -mfpu=fpv4-sp-d16 -O0 -fmessage-length=0 -fsigned-char -ffunction-sections -fdata-sections  -g3 -I"C:/Assignment/Lab5/Static_Code/System" -I"C:/Assignment/Lab5/Static_Code/PDD" -I"C:/Assignment/Lab5/Static_Code/IO_Map" -I"C:\Program Files (x86)\Kinetis Design Studio\eclipse\ProcessorExpert/lib/Kinetis/pdd/inc" -I"C:/Assignment/Lab5/Sources" -I"C:/Assignment/Lab5/Generated_Code" -std=c99 -MMD -MP -MF"Generated_Code/BitIoLdd2.d" -MT"Generated_Code/BitIoLdd2.o" -c -o "Generated_Code/BitIoLdd2.o" "../Generated_Code/BitIoLdd2.c"
'Finished building: ../Generated_Code/BitIoLdd2.c'
' '
'Building file: ../Generated_Code/BitIoLdd3.c'
'Invoking: Cross ARM C Compiler'
arm-none-eabi-gcc -mcpu=cortex-m4 -mthumb -mfloat-abi=hard -mfpu=fpv4-sp-d16 -O0 -fmessage-length=0 -fsigned-char -ffunction-sections -fdata-sections  -g3 -I"C:/Assignment/Lab5/Static_Code/System" -I"C:/Assignment/Lab5/Static_Code/PDD" -I"C:/Assignment/Lab5/Static_Code/IO_Map" -I"C:\Program Files (x86)\Kinetis Design Studio\eclipse\ProcessorExpert/lib/Kinetis/pdd/inc" -I"C:/Assignment/Lab5/Sources" -I"C:/Assignment/Lab5/Generated_Code" -std=c99 -MMD -MP -MF"Generated_Code/BitIoLdd3.d" -MT"Generated_Code/BitIoLdd3.o" -c -o "Generated_Code/BitIoLdd3.o" "../Generated_Code/BitIoLdd3.c"
'Finished building: ../Generated_Code/BitIoLdd3.c'
' '
'Building file: ../Generated_Code/BitIoLdd4.c'
'Invoking: Cross ARM C Compiler'
arm-none-eabi-gcc -mcpu=cortex-m4 -mthumb -mfloat-abi=hard -mfpu=fpv4-sp-d16 -O0 -fmessage-length=0 -fsigned-char -ffunction-sections -fdata-sections  -g3 -I"C:/Assignment/Lab5/Static_Code/System" -I"C:/Assignment/Lab5/Static_Code/PDD" -I"C:/Assignment/Lab5/Static_Code/IO_Map" -I"C:\Program Files (x86)\Kinetis Design Studio\eclipse\ProcessorExpert/lib/Kinetis/pdd/inc" -I"C:/Assignment/Lab5/Sources" -I"C:/Assignment/Lab5/Generated_Code" -std=c99 -MMD -MP -MF"Generated_Code/BitIoLdd4.d" -MT"Generated_Code/BitIoLdd4.o" -c -o "Generated_Code/BitIoLdd4.o" "../Generated_Code/BitIoLdd4.c"
'Finished building: ../Generated_Code/BitIoLdd4.c'
' '
'Building file: ../Generated_Code/BlueLED.c'
'Invoking: Cross ARM C Compiler'
arm-none-eabi-gcc -mcpu=cortex-m4 -mthumb -mfloat-abi=hard -mfpu=fpv4-sp-d16 -O0 -fmessage-length=0 -fsigned-char -ffunction-sections -fdata-sections  -g3 -I"C:/Assignment/Lab5/Static_Code/System" -I"C:/Assignment/Lab5/Static_Code/PDD" -I"C:/Assignment/Lab5/Static_Code/IO_Map" -I"C:\Program Files (x86)\Kinetis Design Studio\eclipse\ProcessorExpert/lib/Kinetis/pdd/inc" -I"C:/Assignment/Lab5/Sources" -I"C:/Assignment/Lab5/Generated_Code" -std=c99 -MMD -MP -MF"Generated_Code/BlueLED.d" -MT"Generated_Code/BlueLED.o" -c -o "Generated_Code/BlueLED.o" "../Generated_Code/BlueLED.c"
'Finished building: ../Generated_Code/BlueLED.c'
' '
'Building file: ../Generated_Code/Cpu.c'
'Invoking: Cross ARM C Compiler'
arm-none-eabi-gcc -mcpu=cortex-m4 -mthumb -mfloat-abi=hard -mfpu=fpv4-sp-d16 -O0 -fmessage-length=0 -fsigned-char -ffunction-sections -fdata-sections  -g3 -I"C:/Assignment/Lab5/Static_Code/System" -I"C:/Assignment/Lab5/Static_Code/PDD" -I"C:/Assignment/Lab5/Static_Code/IO_Map" -I"C:\Program Files (x86)\Kinetis Design Studio\eclipse\ProcessorExpert/lib/Kinetis/pdd/inc" -I"C:/Assignment/Lab5/Sources" -I"C:/Assignment/Lab5/Generated_Code" -std=c99 -MMD -MP -MF"Generated_Code/Cpu.d" -MT"Generated_Code/Cpu.o" -c -o "Generated_Code/Cpu.o" "../Generated_Code/Cpu.c"
'Finished building: ../Generated_Code/Cpu.c'
' '
'Building file: ../Generated_Code/GreenLED.c'
'Invoking: Cross ARM C Compiler'
arm-none-eabi-gcc -mcpu=cortex-m4 -mthumb -mfloat-abi=hard -mfpu=fpv4-sp-d16 -O0 -fmessage-length=0 -fsigned-char -ffunction-sections -fdata-sections  -g3 -I"C:/Assignment/Lab5/Static_Code/System" -I"C:/Assignment/Lab5/Static_Code/PDD" -I"C:/Assignment/Lab5/Static_Code/IO_Map" -I"C:\Program Files (x86)\Kinetis Design Studio\eclipse\ProcessorExpert/lib/Kinetis/pdd/inc" -I"C:/Assignment/Lab5/Sources" -I"C:/Assignment/Lab5/Generated_Code" -std=c99 -MMD -MP -MF"Generated_Code/GreenLED.d" -MT"Generated_Code/GreenLED.o" -c -o "Generated_Code/GreenLED.o" "../Generated_Code/GreenLED.c"
'Finished building: ../Generated_Code/GreenLED.c'
' '
'Building file: ../Generated_Code/PE_LDD.c'
'Invoking: Cross ARM C Compiler'
arm-none-eabi-gcc -mcpu=cortex-m4 -mthumb -mfloat-abi=hard -mfpu=fpv4-sp-d16 -O0 -fmessage-length=0 -fsigned-char -ffunction-sections -fdata-sections  -g3 -I"C:/Assignment/Lab5/Static_Code/System" -I"C:/Assignment/Lab5/Static_Code/PDD" -I"C:/Assignment/Lab5/Static_Code/IO_Map" -I"C:\Program Files (x86)\Kinetis Design Studio\eclipse\ProcessorExpert/lib/Kinetis/pdd/inc" -I"C:/Assignment/Lab5/Sources" -I"C:/Assignment/Lab5/Generated_Code" -std=c99 -MMD -MP -MF"Generated_Code/PE_LDD.d" -MT"Generated_Code/PE_LDD.o" -c -o "Generated_Code/PE_LDD.o" "../Generated_Code/PE_LDD.c"
'Finished building: ../Generated_Code/PE_LDD.c'
' '
'Building file: ../Generated_Code/Pins1.c'
'Invoking: Cross ARM C Compiler'
arm-none-eabi-gcc -mcpu=cortex-m4 -mthumb -mfloat-abi=hard -mfpu=fpv4-sp-d16 -O0 -fmessage-length=0 -fsigned-char -ffunction-sections -fdata-sections  -g3 -I"C:/Assignment/Lab5/Static_Code/System" -I"C:/Assignment/Lab5/Static_Code/PDD" -I"C:/Assignment/Lab5/Static_Code/IO_Map" -I"C:\Program Files (x86)\Kinetis Design Studio\eclipse\ProcessorExpert/lib/Kinetis/pdd/inc" -I"C:/Assignment/Lab5/Sources" -I"C:/Assignment/Lab5/Generated_Code" -std=c99 -MMD -MP -MF"Generated_Code/Pins1.d" -MT"Generated_Code/Pins1.o" -c -o "Generated_Code/Pins1.o" "../Generated_Code/Pins1.c"
'Finished building: ../Generated_Code/Pins1.c'
' '
'Building file: ../Generated_Code/Receiver.c'
'Invoking: Cross ARM C Compiler'
arm-none-eabi-gcc -mcpu=cortex-m4 -mthumb -mfloat-abi=hard -mfpu=fpv4-sp-d16 -O0 -fmessage-length=0 -fsigned-char -ffunction-sections -fdata-sections  -g3 -I"C:/Assignment/Lab5/Static_Code/System" -I"C:/Assignment/Lab5/Static_Code/PDD" -I"C:/Assignment/Lab5/Static_Code/IO_Map" -I"C:\Program Files (x86)\Kinetis Design Studio\eclipse\ProcessorExpert/lib/Kinetis/pdd/inc" -I"C:/Assignment/Lab5/Sources" -I"C:/Assignment/Lab5/Generated_Code" -std=c99 -MMD -MP -MF"Generated_Code/Receiver.d" -MT"Generated_Code/Receiver.o" -c -o "Generated_Code/Receiver.o" "../Generated_Code/Receiver.c"
'Finished building: ../Generated_Code/Receiver.c'
' '
'Building file: ../Generated_Code/RedLED.c'
'Invoking: Cross ARM C Compiler'
arm-none-eabi-gcc -mcpu=cortex-m4 -mthumb -mfloat-abi=hard -mfpu=fpv4-sp-d16 -O0 -fmessage-length=0 -fsigned-char -ffunction-sections -fdata-sections  -g3 -I"C:/Assignment/Lab5/Static_Code/System" -I"C:/Assignment/Lab5/Static_Code/PDD" -I"C:/Assignment/Lab5/Static_Code/IO_Map" -I"C:\Program Files (x86)\Kinetis Design Studio\eclipse\ProcessorExpert/lib/Kinetis/pdd/inc" -I"C:/Assignment/Lab5/Sources" -I"C:/Assignment/Lab5/Generated_Code" -std=c99 -MMD -MP -MF"Generated_Code/RedLED.d" -MT"Generated_Code/RedLED.o" -c -o "Generated_Code/RedLED.o" "../Generated_Code/RedLED.c"
'Finished building: ../Generated_Code/RedLED.c'
' '
'Building target: Lab5.elf'
'Invoking: Cross ARM C++ Linker'
arm-none-eabi-g++ -mcpu=cortex-m4 -mthumb -mfloat-abi=hard -mfpu=fpv4-sp-d16 -O0 -fmessage-length=0 -fsigned-char -ffunction-sections -fdata-sections  -g3 -T "C:/Assignment/Lab5/Project_Settings/Linker_Files/ProcessorExpert.ld" -Xlinker --gc-sections -L"C:/Assignment/Lab5/Project_Settings/Linker_Files" -Wl,-Map,"Lab5.map" -specs=nano.specs -specs=nosys.specs -o "Lab5.elf"  ./Static_Code/System/CPU_Init.o ./Static_Code/System/Peripherals_Init.o ./Static_Code/System/Vectors.o  ./Sources/Events.o ./Sources/main.o  ./Project_Settings/Startup_Code/startup.o  ./Generated_Code/BitIoLdd1.o ./Generated_Code/BitIoLdd2.o ./Generated_Code/BitIoLdd3.o ./Generated_Code/BitIoLdd4.o ./Generated_Code/BlueLED.o ./Generated_Code/Cpu.o ./Generated_Code/GreenLED.o ./Generated_Code/PE_LDD.o ./Generated_Code/Pins1.o ./Generated_Code/Receiver.o ./Generated_Code/RedLED.o   
./Sources/main.o: In function `main':
C:\Assignment\Lab5\Debug/../Sources/main.c:67: undefined reference to `RedLED_NegVal'
C:\Assignment\Lab5\Debug/../Sources/main.c:68: undefined reference to `GreenLED_NegVal'
collect2.exe: error: ld returned 1 exit status
make: *** [Lab5.elf] Error 1

10:56:19 Build Finished (took 7s.165ms)

